[DEBUG] 2017-01-23 04:32:03.720 [main] SentenceParser - S.
[DEBUG] 2017-01-23 04:32:03.729 [main] SentenceParser - I
[DEBUG] 2017-01-23 04:32:03.729 [main] SentenceParser - is.
[DEBUG] 2017-01-23 04:32:23.246 [main] SentenceParser - S.
[DEBUG] 2017-01-23 04:33:12.368 [main] SentenceParser - S.dd
[DEBUG] 2017-01-23 04:34:01.245 [main] SentenceParser - S.
[DEBUG] 2017-01-23 04:39:26.387 [main] SentenceParser - S.
[DEBUG] 2017-01-23 04:42:18.687 [main] SentenceParser - I
[DEBUG] 2017-01-23 04:42:18.689 [main] SentenceParser - is.
[DEBUG] 2017-01-23 04:42:18.690 [main] SentenceParser - S.
[DEBUG] 2017-01-23 04:42:32.817 [main] SentenceParser - S.
[DEBUG] 2017-01-23 04:48:10.238 [main] SentenceParser - S.
[DEBUG] 2017-01-23 04:50:09.003 [main] SentenceParser - S.
[DEBUG] 2017-01-23 04:50:09.076 [main] SentenceParser - S.  
[DEBUG] 2017-01-23 04:50:28.050 [main] SentenceParser - S.
[DEBUG] 2017-01-23 04:50:28.052 [main] SentenceParser - S.  dd
[DEBUG] 2017-01-23 04:52:29.536 [main] SentenceParser - S.
[DEBUG] 2017-01-23 04:52:29.538 [main] WordParser - S_
[DEBUG] 2017-01-23 04:52:29.538 [main] WordParser - ._
[DEBUG] 2017-01-23 04:52:29.539 [main] SentenceParser - S.  1
[DEBUG] 2017-01-23 04:53:44.056 [main] SentenceParser - S.
[DEBUG] 2017-01-23 04:53:44.058 [main] WordParser - S_
[DEBUG] 2017-01-23 04:53:44.058 [main] WordParser - ._
[DEBUG] 2017-01-23 04:53:44.059 [main] WordParser - S. _
[DEBUG] 2017-01-23 04:53:44.059 [main] SentenceParser - S.  1
[DEBUG] 2017-01-23 04:56:40.579 [main] SentenceParser - S.
[DEBUG] 2017-01-23 04:56:40.581 [main] WordParser - S_
[DEBUG] 2017-01-23 04:56:40.581 [main] WordParser - ._
[DEBUG] 2017-01-23 04:56:40.581 [main] WordParser - S._
[DEBUG] 2017-01-23 04:56:40.581 [main] SentenceParser - S.1
[DEBUG] 2017-01-23 05:03:46.045 [main] SentenceParser - S.
[DEBUG] 2017-01-23 05:03:46.048 [main] WordParser - S_
[DEBUG] 2017-01-23 05:03:46.048 [main] WordParser - ._
[DEBUG] 2017-01-23 05:03:46.048 [main] WordParser - S._
[DEBUG] 2017-01-23 05:03:46.048 [main] SentenceParser - S.1
[DEBUG] 2017-01-23 05:03:46.073 [main] TextComposite - S.
[DEBUG] 2017-01-23 05:03:46.074 [main] TextComposite - S.
[DEBUG] 2017-01-23 05:04:14.926 [main] SentenceParser - S.
[DEBUG] 2017-01-23 05:04:14.928 [main] WordParser - S_
[DEBUG] 2017-01-23 05:04:14.929 [main] WordParser - ._
[DEBUG] 2017-01-23 05:04:14.929 [main] WordParser - S._
[DEBUG] 2017-01-23 05:04:14.929 [main] SentenceParser - S.1
[DEBUG] 2017-01-23 05:04:14.930 [main] TextComposite - S._
[DEBUG] 2017-01-23 05:04:14.930 [main] TextComposite - S._
[DEBUG] 2017-01-23 05:05:39.330 [main] SentenceParser - S.
[DEBUG] 2017-01-23 05:05:39.333 [main] WordParser - S_
[DEBUG] 2017-01-23 05:05:39.333 [main] WordParser - ._
[DEBUG] 2017-01-23 05:05:39.334 [main] WordParser - S._
[DEBUG] 2017-01-23 05:05:39.334 [main] SentenceParser - S.1
[DEBUG] 2017-01-23 05:05:39.334 [main] TextComposite - S._
[DEBUG] 2017-01-23 05:05:39.335 [main] TextComposite - S._
[DEBUG] 2017-01-23 05:13:40.863 [main] SentenceParser - I
[DEBUG] 2017-01-23 05:13:40.865 [main] WordParser - I_
[DEBUG] 2017-01-23 05:13:40.865 [main] WordParser - I_
[DEBUG] 2017-01-23 05:13:40.866 [main] SentenceParser - I1
[DEBUG] 2017-01-23 05:13:40.866 [main] SentenceParser - is.
[DEBUG] 2017-01-23 05:13:40.866 [main] WordParser - i_
[DEBUG] 2017-01-23 05:13:40.866 [main] WordParser - s_
[DEBUG] 2017-01-23 05:13:40.866 [main] WordParser - ._
[DEBUG] 2017-01-23 05:13:40.867 [main] WordParser - is._
[DEBUG] 2017-01-23 05:13:40.868 [main] SentenceParser - Iis.1
[DEBUG] 2017-01-23 05:13:40.869 [main] SentenceParser - I.
[DEBUG] 2017-01-23 05:13:40.870 [main] WordParser - I_
[DEBUG] 2017-01-23 05:13:40.871 [main] WordParser - ._
[DEBUG] 2017-01-23 05:13:40.872 [main] WordParser - I._
[DEBUG] 2017-01-23 05:13:40.885 [main] SentenceParser - I.1
[DEBUG] 2017-01-23 05:13:40.885 [main] SentenceParser - I
[DEBUG] 2017-01-23 05:13:40.896 [main] WordParser - I_
[DEBUG] 2017-01-23 05:13:40.896 [main] WordParser - I_
[DEBUG] 2017-01-23 05:13:40.896 [main] SentenceParser - I1
[DEBUG] 2017-01-23 05:13:40.896 [main] SentenceParser - is.
[DEBUG] 2017-01-23 05:13:40.896 [main] WordParser - i_
[DEBUG] 2017-01-23 05:13:40.898 [main] WordParser - s_
[DEBUG] 2017-01-23 05:13:40.899 [main] WordParser - ._
[DEBUG] 2017-01-23 05:13:40.899 [main] WordParser - is._
[DEBUG] 2017-01-23 05:13:40.899 [main] SentenceParser - Iis.1
[DEBUG] 2017-01-23 05:13:40.901 [main] TextComposite - Iis.I.Iis._
[DEBUG] 2017-01-23 05:13:40.902 [main] TextComposite - Iis.I.Iis._
[DEBUG] 2017-01-23 05:13:40.902 [main] TextComposite - Iis._
[DEBUG] 2017-01-23 05:13:40.902 [main] TextComposite - Iis._
[DEBUG] 2017-01-23 05:13:40.902 [main] TextComposite - Iis._
[DEBUG] 2017-01-23 05:13:40.902 [main] TextComposite - Iis._
[DEBUG] 2017-01-23 05:13:40.902 [main] TextComposite - I_
[DEBUG] 2017-01-23 05:13:40.902 [main] TextComposite - I_
[DEBUG] 2017-01-23 05:13:40.903 [main] TextComposite - is._
[DEBUG] 2017-01-23 05:13:40.903 [main] TextComposite - is._
[DEBUG] 2017-01-23 05:13:40.903 [main] TextComposite - I.Iis._
[DEBUG] 2017-01-23 05:13:40.903 [main] TextComposite - I.Iis._
[DEBUG] 2017-01-23 05:13:40.903 [main] TextComposite - I._
[DEBUG] 2017-01-23 05:13:40.904 [main] TextComposite - I._
[DEBUG] 2017-01-23 05:13:40.904 [main] TextComposite - I._
[DEBUG] 2017-01-23 05:13:40.904 [main] TextComposite - I._
[DEBUG] 2017-01-23 05:13:40.904 [main] TextComposite - Iis._
[DEBUG] 2017-01-23 05:13:40.904 [main] TextComposite - Iis._
[DEBUG] 2017-01-23 05:13:40.904 [main] TextComposite - I_
[DEBUG] 2017-01-23 05:13:40.904 [main] TextComposite - I_
[DEBUG] 2017-01-23 05:13:40.904 [main] TextComposite - is._
[DEBUG] 2017-01-23 05:13:40.905 [main] TextComposite - is._
[DEBUG] 2017-01-23 05:13:40.906 [main] SentenceParser - S.
[DEBUG] 2017-01-23 05:13:40.906 [main] WordParser - S_
[DEBUG] 2017-01-23 05:13:40.906 [main] WordParser - ._
[DEBUG] 2017-01-23 05:13:40.906 [main] WordParser - S._
[DEBUG] 2017-01-23 05:13:40.906 [main] SentenceParser - S.1
[DEBUG] 2017-01-23 05:13:40.906 [main] TextComposite - S._
[DEBUG] 2017-01-23 05:13:40.906 [main] TextComposite - S._
[DEBUG] 2017-01-24 03:07:07.499 [main] Calculator - 2
[DEBUG] 2017-01-24 03:07:07.556 [main] Calculator - 4
[DEBUG] 2017-01-24 03:07:07.571 [main] Calculator - *
[DEBUG] 2017-01-24 03:07:47.806 [main] Calculator - 2
[DEBUG] 2017-01-24 03:07:47.838 [main] Calculator - 4
[DEBUG] 2017-01-24 03:07:47.865 [main] Calculator - *
[DEBUG] 2017-01-24 03:07:47.868 [main] Calculator - [by.malinouski.infohandling.interpreter.NonTermExpressionNumber@396e2f39, by.malinouski.infohandling.interpreter.NonTermExpressionNumber@a74868d, by.malinouski.infohandling.interpreter.TermExpressionMultiply@12c8a2c0]
[DEBUG] 2017-01-24 03:10:05.856 [main] Calculator - 2
[DEBUG] 2017-01-24 03:10:05.869 [main] Calculator - 4
[DEBUG] 2017-01-24 03:10:05.878 [main] Calculator - *
[DEBUG] 2017-01-24 03:10:05.879 [main] Calculator - [by.malinouski.infohandling.interpreter.NonTermExpressionNumber@78ac1102, by.malinouski.infohandling.interpreter.NonTermExpressionNumber@2de8284b, by.malinouski.infohandling.interpreter.TermExpressionMultiply@396e2f39]
[DEBUG] 2017-01-24 03:11:54.958 [main] Calculator - 1
[DEBUG] 2017-01-24 03:11:54.983 [main] Calculator - s
[DEBUG] 2017-01-24 03:11:54.984 [main] Calculator - [by.malinouski.infohandling.interpreter.NonTermExpressionNumber@75881071, by.malinouski.infohandling.interpreter.TermExpressionSin@2a70a3d8]
[DEBUG] 2017-01-24 03:13:19.557 [main] Calculator - 1
[DEBUG] 2017-01-24 03:13:19.587 [main] Calculator - s
[DEBUG] 2017-01-24 03:13:19.588 [main] Calculator - [by.malinouski.infohandling.interpreter.NonTermExpressionNumber@78ac1102, by.malinouski.infohandling.interpreter.TermExpressionSin@2de8284b]
[DEBUG] 2017-01-24 03:33:44.942 [main] Calculator - 2
[DEBUG] 2017-01-24 03:33:44.986 [main] Calculator - 3
[DEBUG] 2017-01-24 03:33:44.989 [main] Calculator - 4
[DEBUG] 2017-01-24 03:33:44.993 [main] Calculator - *
[DEBUG] 2017-01-24 03:33:45.012 [main] Calculator - 2
[DEBUG] 2017-01-24 03:33:45.015 [main] Calculator - 3
[DEBUG] 2017-01-24 03:33:45.018 [main] Calculator - +
[DEBUG] 2017-01-24 03:33:45.020 [main] Calculator - c
[DEBUG] 2017-01-24 03:33:45.030 [main] Calculator - 3
[DEBUG] 2017-01-24 03:33:45.047 [main] Calculator - 2
[DEBUG] 2017-01-24 03:33:45.049 [main] Calculator - 3
[DEBUG] 2017-01-24 03:33:45.051 [main] Calculator - -
[DEBUG] 2017-01-24 03:33:45.073 [main] Calculator - *
[DEBUG] 2017-01-24 03:33:45.073 [main] Calculator - -
[DEBUG] 2017-01-24 03:33:45.073 [main] Calculator - /
[DEBUG] 2017-01-24 03:33:45.092 [main] Calculator - +
[DEBUG] 2017-01-24 03:33:45.095 [main] Calculator - [by.malinouski.infohandling.interpreter.NonTermExpressionNumber@75881071, by.malinouski.infohandling.interpreter.NonTermExpressionNumber@2a70a3d8, by.malinouski.infohandling.interpreter.NonTermExpressionNumber@289d1c02, by.malinouski.infohandling.interpreter.TermExpressionMultiply@22eeefeb, by.malinouski.infohandling.interpreter.NonTermExpressionNumber@17d0685f, by.malinouski.infohandling.interpreter.NonTermExpressionNumber@3891771e, by.malinouski.infohandling.interpreter.TermExpressionAdd@78ac1102, by.malinouski.infohandling.interpreter.TermExpressionCos@2de8284b, by.malinouski.infohandling.interpreter.NonTermExpressionNumber@396e2f39, by.malinouski.infohandling.interpreter.NonTermExpressionNumber@a74868d, by.malinouski.infohandling.interpreter.NonTermExpressionNumber@12c8a2c0, by.malinouski.infohandling.interpreter.TermExpressionSubtract@7e0e6aa2, by.malinouski.infohandling.interpreter.TermExpressionMultiply@365185bd, by.malinouski.infohandling.interpreter.TermExpressionSubtract@18bf3d14, by.malinouski.infohandling.interpreter.TermExpressionDivide@4fb64261, by.malinouski.infohandling.interpreter.TermExpressionAdd@42607a4f]
[DEBUG] 2017-01-24 03:42:42.458 [main] Calculator - 2
[DEBUG] 2017-01-24 03:42:42.512 [main] Calculator - 3
[DEBUG] 2017-01-24 03:42:42.515 [main] Calculator - 4
[DEBUG] 2017-01-24 03:42:42.518 [main] Calculator - *
[DEBUG] 2017-01-24 03:42:42.536 [main] Calculator - 2
[DEBUG] 2017-01-24 03:42:42.538 [main] Calculator - 3
[DEBUG] 2017-01-24 03:42:42.541 [main] Calculator - +
[DEBUG] 2017-01-24 03:42:42.542 [main] Calculator - c
[DEBUG] 2017-01-24 03:42:42.558 [main] Calculator - 3
[DEBUG] 2017-01-24 03:42:42.564 [main] Calculator - 2
[DEBUG] 2017-01-24 03:42:42.566 [main] Calculator - 3
[DEBUG] 2017-01-24 03:42:42.567 [main] Calculator - -
[DEBUG] 2017-01-24 03:42:42.581 [main] Calculator - *
[DEBUG] 2017-01-24 03:42:42.582 [main] Calculator - -
[DEBUG] 2017-01-24 03:42:42.582 [main] Calculator - /
[DEBUG] 2017-01-24 03:42:42.588 [main] Calculator - +
[DEBUG] 2017-01-24 03:42:42.589 [main] Calculator - [by.malinouski.infohandling.interpreter.NonTermExpressionNumber@78ac1102, by.malinouski.infohandling.interpreter.NonTermExpressionNumber@2de8284b, by.malinouski.infohandling.interpreter.NonTermExpressionNumber@396e2f39, by.malinouski.infohandling.interpreter.TermExpressionMultiply@a74868d, by.malinouski.infohandling.interpreter.NonTermExpressionNumber@12c8a2c0, by.malinouski.infohandling.interpreter.NonTermExpressionNumber@7e0e6aa2, by.malinouski.infohandling.interpreter.TermExpressionAdd@365185bd, by.malinouski.infohandling.interpreter.TermExpressionCos@18bf3d14, by.malinouski.infohandling.interpreter.NonTermExpressionNumber@4fb64261, by.malinouski.infohandling.interpreter.NonTermExpressionNumber@42607a4f, by.malinouski.infohandling.interpreter.NonTermExpressionNumber@782663d3, by.malinouski.infohandling.interpreter.TermExpressionSubtract@1990a65e, by.malinouski.infohandling.interpreter.TermExpressionMultiply@64485a47, by.malinouski.infohandling.interpreter.TermExpressionSubtract@25bbf683, by.malinouski.infohandling.interpreter.TermExpressionDivide@6ec8211c, by.malinouski.infohandling.interpreter.TermExpressionAdd@7276c8cd]
[DEBUG] 2017-01-24 06:42:20.027 [main] Calculator - 1
[DEBUG] 2017-01-24 06:42:20.076 [main] Calculator - [by.malinouski.infohandling.interpreter.NonTermExpressionNumber@75881071]
[DEBUG] 2017-01-24 06:43:49.051 [main] Calculator - 1
[DEBUG] 2017-01-24 06:43:49.094 [main] Calculator - [by.malinouski.infohandling.interpreter.NonTermExpressionNumber@75881071]
[DEBUG] 2017-01-24 07:22:17.504 [main] Calculator - 2*4
[DEBUG] 2017-01-24 07:33:22.228 [main] Calculator - 2*4
[DEBUG] 2017-01-24 07:33:22.247 [main] Calculator - \p{javaWhitespace}+
[DEBUG] 2017-01-24 07:34:24.760 [main] Calculator - 
[DEBUG] 2017-01-24 07:36:01.583 [main] Calculator - 2*4
[DEBUG] 2017-01-24 07:36:01.588 [main] Calculator - 
[DEBUG] 2017-01-24 07:38:00.083 [main] Calculator - 2*4
[DEBUG] 2017-01-24 07:38:00.105 [main] Calculator - 
[DEBUG] 2017-01-24 07:44:04.699 [main] Calculator - 2*4
[DEBUG] 2017-01-24 07:44:04.781 [main] Calculator - 
[DEBUG] 2017-01-24 07:45:24.853 [main] Calculator - 2*4
[DEBUG] 2017-01-24 07:45:24.880 [main] Calculator - 
[DEBUG] 2017-01-24 07:45:24.890 [main] Calculator - 2
[DEBUG] 2017-01-24 07:45:24.925 [main] Calculator - 4
[DEBUG] 2017-01-24 07:45:24.929 [main] Calculator - *
[DEBUG] 2017-01-24 07:45:24.962 [main] Calculator - [by.malinouski.infohandling.interpreter.NonTermExpressionNumber@33065d67, by.malinouski.infohandling.interpreter.NonTermExpressionNumber@712625fd, by.malinouski.infohandling.interpreter.TermExpressionMultiply@7bba5817]
[DEBUG] 2017-01-24 07:45:45.955 [main] Calculator - s(1)
[DEBUG] 2017-01-24 07:45:46.003 [main] Calculator - 
[DEBUG] 2017-01-24 07:46:39.059 [main] Calculator - s(1)
[DEBUG] 2017-01-24 07:46:39.073 [main] Calculator - 
[DEBUG] 2017-01-24 07:47:12.171 [main] Calculator - s(1)
[DEBUG] 2017-01-24 07:47:12.192 [main] Calculator - 
[DEBUG] 2017-01-24 07:52:38.148 [main] Calculator - s(1)
[DEBUG] 2017-01-24 07:52:38.155 [main] Calculator - 
[DEBUG] 2017-01-24 07:52:38.188 [main] Calculator - 1
[DEBUG] 2017-01-24 07:52:38.192 [main] Calculator - s
[DEBUG] 2017-01-24 07:52:38.203 [main] Calculator - [by.malinouski.infohandling.interpreter.NonTermExpressionNumber@53045c6c, by.malinouski.infohandling.interpreter.TermExpressionSin@5149d738]
[DEBUG] 2017-01-24 07:53:07.931 [main] Calculator - 2+3*4/(c(2+3)-3*(2.3 - 3.43))
[DEBUG] 2017-01-24 07:53:07.942 [main] Calculator - 
[DEBUG] 2017-01-24 07:53:39.997 [main] Calculator - 2+3*4/(c(2+3)-3*(2.3 - 3.43))
[DEBUG] 2017-01-24 07:53:40.018 [main] Calculator - 
[DEBUG] 2017-01-24 08:17:17.979 [main] Calculator - 2+3*4/(c(2+3)-3*(2.3 - 3.43))
[DEBUG] 2017-01-24 08:17:18.046 [main] Calculator - 
[DEBUG] 2017-01-24 08:17:52.942 [main] Calculator - 2+3*4/(c(2+3)-3*(2.3 - 3.43))
[DEBUG] 2017-01-24 08:17:53.021 [main] Calculator - 
[DEBUG] 2017-01-24 08:26:17.598 [main] Calculator - 2+3*4/(c(2+3)-3*(2.3-3.43))
[DEBUG] 2017-01-24 08:26:17.622 [main] Calculator - 
[DEBUG] 2017-01-24 08:31:02.771 [main] Calculator - 2+3*4/(c(2+3)-3*(2.3-3.43))
[DEBUG] 2017-01-24 08:31:02.792 [main] Calculator - \p{javaWhitespace}+
[DEBUG] 2017-01-24 08:39:18.131 [main] Calculator - 2+3*4/(c(2+3)-3*(2.3-3.43))
[DEBUG] 2017-01-24 08:39:18.141 [main] Calculator - 
[DEBUG] 2017-01-24 08:39:18.172 [main] Calculator - 2
[DEBUG] 2017-01-24 08:39:18.193 [main] Calculator - 3
[DEBUG] 2017-01-24 08:39:18.217 [main] Calculator - 4
[DEBUG] 2017-01-24 08:39:18.233 [main] Calculator - *
[DEBUG] 2017-01-24 08:39:18.250 [main] Calculator - 2
[DEBUG] 2017-01-24 08:39:18.261 [main] Calculator - 3
[DEBUG] 2017-01-24 08:39:18.274 [main] Calculator - +
[DEBUG] 2017-01-24 08:39:18.293 [main] Calculator - c
[DEBUG] 2017-01-24 08:39:18.294 [main] Calculator - 3
[DEBUG] 2017-01-24 08:39:18.298 [main] Calculator - 2
[DEBUG] 2017-01-24 08:39:18.302 [main] Calculator - 3
[DEBUG] 2017-01-24 08:39:18.316 [main] Calculator - -
[DEBUG] 2017-01-24 08:39:18.317 [main] Calculator - *
[DEBUG] 2017-01-24 08:39:18.317 [main] Calculator - -
[DEBUG] 2017-01-24 08:39:18.317 [main] Calculator - /
[DEBUG] 2017-01-24 08:39:18.318 [main] Calculator - +
[DEBUG] 2017-01-24 08:39:18.318 [main] Calculator - [by.malinouski.infohandling.interpreter.NonTermExpressionNumber@4be29ed9, by.malinouski.infohandling.interpreter.NonTermExpressionNumber@548d708a, by.malinouski.infohandling.interpreter.NonTermExpressionNumber@4b013c76, by.malinouski.infohandling.interpreter.TermExpressionMultiply@53fb3dab, by.malinouski.infohandling.interpreter.NonTermExpressionNumber@cb0755b, by.malinouski.infohandling.interpreter.NonTermExpressionNumber@33065d67, by.malinouski.infohandling.interpreter.TermExpressionAdd@712625fd, by.malinouski.infohandling.interpreter.TermExpressionCos@7bba5817, by.malinouski.infohandling.interpreter.NonTermExpressionNumber@742ff096, by.malinouski.infohandling.interpreter.NonTermExpressionNumber@75437611, by.malinouski.infohandling.interpreter.NonTermExpressionNumber@350aac89, by.malinouski.infohandling.interpreter.TermExpressionSubtract@1c5920df, by.malinouski.infohandling.interpreter.TermExpressionMultiply@17f9d882, by.malinouski.infohandling.interpreter.TermExpressionSubtract@79e4c792, by.malinouski.infohandling.interpreter.TermExpressionDivide@196a42c3, by.malinouski.infohandling.interpreter.TermExpressionAdd@4c60d6e9]
[DEBUG] 2017-01-24 08:40:03.541 [main] Calculator - 2+3*4/(c(2+3)-3*(2.3-3.43))
[DEBUG] 2017-01-24 08:40:03.549 [main] Calculator - 
[DEBUG] 2017-01-24 08:40:03.562 [main] Calculator - 2
[DEBUG] 2017-01-24 08:40:03.574 [main] Calculator - 3
[DEBUG] 2017-01-24 08:40:03.580 [main] Calculator - 4
[DEBUG] 2017-01-24 08:40:03.600 [main] Calculator - *
[DEBUG] 2017-01-24 08:40:03.602 [main] Calculator - 2
[DEBUG] 2017-01-24 08:40:03.621 [main] Calculator - 3
[DEBUG] 2017-01-24 08:40:03.632 [main] Calculator - +
[DEBUG] 2017-01-24 08:40:03.635 [main] Calculator - c
[DEBUG] 2017-01-24 08:40:03.636 [main] Calculator - 3
[DEBUG] 2017-01-24 08:40:03.639 [main] Calculator - 2
[DEBUG] 2017-01-24 08:40:03.643 [main] Calculator - 3
[DEBUG] 2017-01-24 08:40:03.646 [main] Calculator - -
[DEBUG] 2017-01-24 08:40:03.653 [main] Calculator - *
[DEBUG] 2017-01-24 08:40:03.656 [main] Calculator - -
[DEBUG] 2017-01-24 08:40:03.685 [main] Calculator - /
[DEBUG] 2017-01-24 08:40:03.686 [main] Calculator - +
[DEBUG] 2017-01-24 08:40:03.686 [main] Calculator - [by.malinouski.infohandling.interpreter.NonTermExpressionNumber@75881071, by.malinouski.infohandling.interpreter.NonTermExpressionNumber@2a70a3d8, by.malinouski.infohandling.interpreter.NonTermExpressionNumber@289d1c02, by.malinouski.infohandling.interpreter.TermExpressionMultiply@22eeefeb, by.malinouski.infohandling.interpreter.NonTermExpressionNumber@17d0685f, by.malinouski.infohandling.interpreter.NonTermExpressionNumber@3891771e, by.malinouski.infohandling.interpreter.TermExpressionAdd@78ac1102, by.malinouski.infohandling.interpreter.TermExpressionCos@2de8284b, by.malinouski.infohandling.interpreter.NonTermExpressionNumber@396e2f39, by.malinouski.infohandling.interpreter.NonTermExpressionNumber@a74868d, by.malinouski.infohandling.interpreter.NonTermExpressionNumber@12c8a2c0, by.malinouski.infohandling.interpreter.TermExpressionSubtract@7e0e6aa2, by.malinouski.infohandling.interpreter.TermExpressionMultiply@365185bd, by.malinouski.infohandling.interpreter.TermExpressionSubtract@18bf3d14, by.malinouski.infohandling.interpreter.TermExpressionDivide@4fb64261, by.malinouski.infohandling.interpreter.TermExpressionAdd@42607a4f]
[DEBUG] 2017-01-24 08:40:03.688 [main] Calculator - s(1)
[DEBUG] 2017-01-24 08:40:03.688 [main] Calculator - 
[DEBUG] 2017-01-24 08:40:03.689 [main] Calculator - 1
[DEBUG] 2017-01-24 08:40:03.705 [main] Calculator - s
[DEBUG] 2017-01-24 08:40:03.707 [main] Calculator - [by.malinouski.infohandling.interpreter.NonTermExpressionNumber@64485a47, by.malinouski.infohandling.interpreter.TermExpressionSin@25bbf683]
[DEBUG] 2017-01-24 08:40:03.708 [main] Calculator - 2*4
[DEBUG] 2017-01-24 08:40:03.708 [main] Calculator - 
[DEBUG] 2017-01-24 08:40:03.709 [main] Calculator - 2
[DEBUG] 2017-01-24 08:40:03.712 [main] Calculator - 4
[DEBUG] 2017-01-24 08:40:03.716 [main] Calculator - *
[DEBUG] 2017-01-24 08:40:03.721 [main] Calculator - [by.malinouski.infohandling.interpreter.NonTermExpressionNumber@6ec8211c, by.malinouski.infohandling.interpreter.NonTermExpressionNumber@7276c8cd, by.malinouski.infohandling.interpreter.TermExpressionMultiply@544a2ea6]
[DEBUG] 2017-01-24 08:40:03.736 [main] Calculator - 1
[DEBUG] 2017-01-24 08:40:03.736 [main] Calculator - 
[DEBUG] 2017-01-24 08:40:03.736 [main] Calculator - 1
[DEBUG] 2017-01-24 08:40:03.738 [main] Calculator - [by.malinouski.infohandling.interpreter.NonTermExpressionNumber@2e3fc542]
